<?xml version="1.0" encoding="UTF-8"?>
<!-- Generated by org.testng.reporters.JUnitReportReporter -->
<testsuite hostname="zhangzhixiongdeiMac.local" name="config.macacaDongDong" tests="1" failures="1" timestamp="12 Jan 2017 08:20:22 GMT" time="0.000" errors="0">
  <testcase name="Dongdongtest" time="0.000" classname="config.macacaDongDong">
    <failure type="java.lang.RuntimeException" message="java.sql.SQLException: You have an error in your SQL syntax; check the manual that corresponds to your MySQL server version for the right syntax to use near &#039;out)values(1,&#039;朱莉&#039;,_binary&#039;????\0JFIF\0\0`\0`\0\0??\00Exif\0\0MM\0*\0\0\0&#039; at line 1">
      <![CDATA[java.lang.RuntimeException: java.sql.SQLException: You have an error in your SQL syntax; check the manual that corresponds to your MySQL server version for the right syntax to use near 'out)values(1,'朱莉',_binary'????\0JFIF\0\0`\0`\0\0??\00Exif\0\0MM\0*\0\0\0' at line 1
	at org.testng.internal.MethodInvocationHelper.invokeDataProvider(MethodInvocationHelper.java:161)
	at org.testng.internal.Parameters.handleParameters(Parameters.java:429)
	at org.testng.internal.Invoker.handleParameters(Invoker.java:1383)
	at org.testng.internal.Invoker.createParameters(Invoker.java:1075)
	at org.testng.internal.Invoker.invokeTestMethods(Invoker.java:1180)
	at org.testng.internal.TestMethodWorker.invokeTestMethods(TestMethodWorker.java:127)
	at org.testng.internal.TestMethodWorker.run(TestMethodWorker.java:111)
	at org.testng.TestRunner.privateRun(TestRunner.java:767)
	at org.testng.TestRunner.run(TestRunner.java:617)
	at org.testng.SuiteRunner.runTest(SuiteRunner.java:334)
	at org.testng.SuiteRunner.runSequentially(SuiteRunner.java:329)
	at org.testng.SuiteRunner.privateRun(SuiteRunner.java:291)
	at org.testng.SuiteRunner.run(SuiteRunner.java:240)
	at org.testng.SuiteRunnerWorker.runSuite(SuiteRunnerWorker.java:52)
	at org.testng.SuiteRunnerWorker.run(SuiteRunnerWorker.java:86)
	at org.testng.TestNG.runSuitesSequentially(TestNG.java:1224)
	at org.testng.TestNG.runSuitesLocally(TestNG.java:1149)
	at org.testng.TestNG.run(TestNG.java:1057)
	at org.testng.remote.AbstractRemoteTestNG.run(AbstractRemoteTestNG.java:132)
	at org.testng.remote.RemoteTestNG.initAndRun(RemoteTestNG.java:236)
	at org.testng.remote.RemoteTestNG.main(RemoteTestNG.java:81)
Caused by: java.sql.SQLException: You have an error in your SQL syntax; check the manual that corresponds to your MySQL server version for the right syntax to use near 'out)values(1,'朱莉',_binary'????\0JFIF\0\0`\0`\0\0??\00Exif\0\0MM\0*\0\0\0' at line 1
	at com.mysql.jdbc.MysqlIO.checkErrorPacket(MysqlIO.java:2975)
	at com.mysql.jdbc.MysqlIO.sendCommand(MysqlIO.java:1600)
	at com.mysql.jdbc.MysqlIO.sqlQueryDirect(MysqlIO.java:1695)
	at com.mysql.jdbc.Connection.execSQL(Connection.java:3026)
	at com.mysql.jdbc.PreparedStatement.executeInternal(PreparedStatement.java:1137)
	at com.mysql.jdbc.PreparedStatement.execute(PreparedStatement.java:803)
	at config.macacaDongDong.providerMethod(macacaDongDong.java:130)
	at sun.reflect.NativeMethodAccessorImpl.invoke0(Native Method)
	at sun.reflect.NativeMethodAccessorImpl.invoke(NativeMethodAccessorImpl.java:62)
	at sun.reflect.DelegatingMethodAccessorImpl.invoke(DelegatingMethodAccessorImpl.java:43)
	at java.lang.reflect.Method.invoke(Method.java:498)
	at org.testng.internal.MethodInvocationHelper.invokeMethod(MethodInvocationHelper.java:84)
	at org.testng.internal.MethodInvocationHelper.invokeDataProvider(MethodInvocationHelper.java:135)
	... 20 more
]]>
    </failure>
  </testcase> <!-- Dongdongtest -->
</testsuite> <!-- config.macacaDongDong -->
